<?xml version="1.0" encoding="UTF-8"?>
<!-- Generated by org.testng.reporters.JUnitXMLReporter -->
<testsuite ignored="0" hostname="hp" failures="1" tests="1" name="Chrome" time="47.909" errors="0" timestamp="2023-03-29T11:22:55 IST">
  <testcase classname="Testpackage.TestTNG2" name="test1" time="0.01">
    <failure type="java.lang.Error" message="Unresolved compilation problem: 
	The method explicitwait(int, String, WebDriver) in the type Elementwait is not applicable for the arguments (int, String)
">
      <![CDATA[java.lang.Error: Unresolved compilation problem: 
The method explicitwait(int, String, WebDriver) in the type Elementwait is not applicable for the arguments (int, String)

at Pompackage.Loginclass.<init>(Loginclass.java:21)
at Testpackage.TestTNG2.test1(TestTNG2.java:42)
at java.base/java.util.ArrayList.forEach(ArrayList.java:1511)
... Removed 25 stack frames]]>
    </failure>
  </testcase> <!-- test1 -->
</testsuite> <!-- Chrome -->
