<?xml version="1.0" encoding="UTF-8"?>
<testng-results ignored="0" total="1" passed="0" failed="1" skipped="0">
  <reporter-output>
  </reporter-output>
  <suite started-at="2023-03-29T11:22:07 IST" name="Suite" finished-at="2023-03-29T11:22:55 IST" duration-ms="47909">
    <groups>
    </groups>
    <test started-at="2023-03-29T11:22:07 IST" name="Chrome" finished-at="2023-03-29T11:22:55 IST" duration-ms="47909">
      <class name="Testpackage.TestTNG2">
        <test-method is-config="true" signature="beforetest(java.lang.String)[pri:0, instance:Testpackage.TestTNG2@14cd1699]" started-at="2023-03-29T11:22:07 IST" name="beforetest" finished-at="2023-03-29T11:22:55 IST" duration-ms="47719" status="PASS">
          <params>
            <param index="0">
              <value>
                <![CDATA[chrome]]>
              </value>
            </param>
          </params>
          <reporter-output>
          </reporter-output>
        </test-method> <!-- beforetest -->
        <test-method is-config="true" signature="beforeclass()[pri:0, instance:Testpackage.TestTNG2@14cd1699]" started-at="2023-03-29T11:22:55 IST" name="beforeclass" finished-at="2023-03-29T11:22:55 IST" duration-ms="2" status="PASS">
          <reporter-output>
          </reporter-output>
        </test-method> <!-- beforeclass -->
        <test-method is-config="true" signature="beforemethod()[pri:0, instance:Testpackage.TestTNG2@14cd1699]" started-at="2023-03-29T11:22:55 IST" name="beforemethod" finished-at="2023-03-29T11:22:55 IST" duration-ms="0" status="PASS">
          <reporter-output>
          </reporter-output>
        </test-method> <!-- beforemethod -->
        <test-method signature="test1()[pri:0, instance:Testpackage.TestTNG2@14cd1699]" started-at="2023-03-29T11:22:55 IST" name="test1" finished-at="2023-03-29T11:22:55 IST" duration-ms="10" status="FAIL">
          <exception class="java.lang.Error">
            <message>
              <![CDATA[Unresolved compilation problem: 
The method explicitwait(int, String, WebDriver) in the type Elementwait is not applicable for the arguments (int, String)
]]>
            </message>
            <full-stacktrace>
              <![CDATA[java.lang.Error: Unresolved compilation problem: 
The method explicitwait(int, String, WebDriver) in the type Elementwait is not applicable for the arguments (int, String)

at Pompackage.Loginclass.<init>(Loginclass.java:21)
at Testpackage.TestTNG2.test1(TestTNG2.java:42)
at java.base/jdk.internal.reflect.DirectMethodHandleAccessor.invoke(DirectMethodHandleAccessor.java:104)
at java.base/java.lang.reflect.Method.invoke(Method.java:578)
at org.testng.internal.MethodInvocationHelper.invokeMethod(MethodInvocationHelper.java:133)
at org.testng.internal.TestInvoker.invokeMethod(TestInvoker.java:598)
at org.testng.internal.TestInvoker.invokeTestMethod(TestInvoker.java:173)
at org.testng.internal.MethodRunner.runInSequence(MethodRunner.java:46)
at org.testng.internal.TestInvoker$MethodInvocationAgent.invoke(TestInvoker.java:824)
at org.testng.internal.TestInvoker.invokeTestMethods(TestInvoker.java:146)
at org.testng.internal.TestMethodWorker.invokeTestMethods(TestMethodWorker.java:146)
at org.testng.internal.TestMethodWorker.run(TestMethodWorker.java:128)
at java.base/java.util.ArrayList.forEach(ArrayList.java:1511)
at org.testng.TestRunner.privateRun(TestRunner.java:794)
at org.testng.TestRunner.run(TestRunner.java:596)
at org.testng.SuiteRunner.runTest(SuiteRunner.java:377)
at org.testng.SuiteRunner.runSequentially(SuiteRunner.java:371)
at org.testng.SuiteRunner.privateRun(SuiteRunner.java:332)
at org.testng.SuiteRunner.run(SuiteRunner.java:276)
at org.testng.SuiteRunnerWorker.runSuite(SuiteRunnerWorker.java:53)
at org.testng.SuiteRunnerWorker.run(SuiteRunnerWorker.java:96)
at org.testng.TestNG.runSuitesSequentially(TestNG.java:1212)
at org.testng.TestNG.runSuitesLocally(TestNG.java:1134)
at org.testng.TestNG.runSuites(TestNG.java:1063)
at org.testng.TestNG.run(TestNG.java:1031)
at org.testng.remote.AbstractRemoteTestNG.run(AbstractRemoteTestNG.java:115)
at org.testng.remote.RemoteTestNG.initAndRun(RemoteTestNG.java:251)
at org.testng.remote.RemoteTestNG.main(RemoteTestNG.java:77)
]]>
            </full-stacktrace>
          </exception> <!-- java.lang.Error -->
          <reporter-output>
          </reporter-output>
        </test-method> <!-- test1 -->
        <test-method is-config="true" signature="afterclass()[pri:0, instance:Testpackage.TestTNG2@14cd1699]" started-at="2023-03-29T11:22:55 IST" name="afterclass" finished-at="2023-03-29T11:22:55 IST" duration-ms="0" status="PASS">
          <reporter-output>
          </reporter-output>
        </test-method> <!-- afterclass -->
        <test-method is-config="true" signature="aftermethod()[pri:0, instance:Testpackage.TestTNG2@14cd1699]" started-at="2023-03-29T11:22:55 IST" name="aftermethod" finished-at="2023-03-29T11:22:55 IST" duration-ms="0" status="PASS">
          <reporter-output>
          </reporter-output>
        </test-method> <!-- aftermethod -->
        <test-method is-config="true" signature="aftertest()[pri:0, instance:Testpackage.TestTNG2@14cd1699]" started-at="2023-03-29T11:22:55 IST" name="aftertest" finished-at="2023-03-29T11:22:55 IST" duration-ms="143" status="PASS">
          <reporter-output>
          </reporter-output>
        </test-method> <!-- aftertest -->
      </class> <!-- Testpackage.TestTNG2 -->
    </test> <!-- Chrome -->
  </suite> <!-- Suite -->
</testng-results>
